log_pattern_IS_UNDEFINEDjava.lang.IllegalStateException: java.lang.IllegalStateException: Logback configuration error detected: 
ERROR in ch.qos.logback.core.joran.spi.Interpreter@6:17 - no applicable action for [Properties], current ElementPath  is [[configuration][Properties]]
ERROR in ch.qos.logback.core.joran.spi.Interpreter@8:34 - no applicable action for [property], current ElementPath  is [[configuration][Properties][property]]
ERROR in ch.qos.logback.core.joran.spi.Interpreter@10:40 - no applicable action for [Property], current ElementPath  is [[configuration][Properties][Property]]
ERROR in ch.qos.logback.core.joran.spi.Interpreter@12:38 - no applicable action for [property], current ElementPath  is [[configuration][Properties][property]]
ERROR in ch.qos.logback.core.joran.spi.Interpreter@14:38 - no applicable action for [property], current ElementPath  is [[configuration][Properties][property]]
ERROR in ch.qos.logback.core.joran.util.PropertySetter@1fb669c3 - Failed to get charset [log_charset_IS_UNDEFINED] java.nio.charset.UnsupportedCharsetException: log_charset_IS_UNDEFINED
ERROR in ch.qos.logback.core.joran.util.PropertySetter@49c66ade - Failed to get charset [log_charset_IS_UNDEFINED] java.nio.charset.UnsupportedCharsetException: log_charset_IS_UNDEFINED
ERROR in ch.qos.logback.core.joran.util.PropertySetter@6239aba6 - Failed to get charset [log_charset_IS_UNDEFINED] java.nio.charset.UnsupportedCharsetException: log_charset_IS_UNDEFINED
	at org.springframework.boot.context.logging.LoggingApplicationListener.initializeSystem(LoggingApplicationListener.java:317)
	at org.springframework.boot.context.logging.LoggingApplicationListener.initialize(LoggingApplicationListener.java:281)
	at org.springframework.boot.context.logging.LoggingApplicationListener.onApplicationEnvironmentPreparedEvent(LoggingApplicationListener.java:239)
	at org.springframework.boot.context.logging.LoggingApplicationListener.onApplicationEvent(LoggingApplicationListener.java:216)
	at org.springframework.context.event.SimpleApplicationEventMulticaster.doInvokeListener(SimpleApplicationEventMulticaster.java:172)
	at org.springframework.context.event.SimpleApplicationEventMulticaster.invokeListener(SimpleApplicationEventMulticaster.java:165)
	at org.springframework.context.event.SimpleApplicationEventMulticaster.multicastEvent(SimpleApplicationEventMulticaster.java:139)
	at org.springframework.context.event.SimpleApplicationEventMulticaster.multicastEvent(SimpleApplicationEventMulticaster.java:127)
	at org.springframework.boot.context.event.EventPublishingRunListener.environmentPrepared(EventPublishingRunListener.java:80)
	at org.springframework.boot.SpringApplicationRunListeners.environmentPrepared(SpringApplicationRunListeners.java:53)
	at org.springframework.boot.SpringApplication.prepareEnvironment(SpringApplication.java:345)
	at org.springframework.boot.SpringApplication.run(SpringApplication.java:308)
	at org.springframework.boot.SpringApplication.run(SpringApplication.java:1237)
	at org.springframework.boot.SpringApplication.run(SpringApplication.java:1226)
	at com.pdt.moduleorder9001.ModuleOrder9001Application.main(ModuleOrder9001Application.java:12)
Caused by: java.lang.IllegalStateException: Logback configuration error detected: 
ERROR in ch.qos.logback.core.joran.spi.Interpreter@6:17 - no applicable action for [Properties], current ElementPath  is [[configuration][Properties]]
ERROR in ch.qos.logback.core.joran.spi.Interpreter@8:34 - no applicable action for [property], current ElementPath  is [[configuration][Properties][property]]
ERROR in ch.qos.logback.core.joran.spi.Interpreter@10:40 - no applicable action for [Property], current ElementPath  is [[configuration][Properties][Property]]
ERROR in ch.qos.logback.core.joran.spi.Interpreter@12:38 - no applicable action for [property], current ElementPath  is [[configuration][Properties][property]]
ERROR in ch.qos.logback.core.joran.spi.Interpreter@14:38 - no applicable action for [property], current ElementPath  is [[configuration][Properties][property]]
ERROR in ch.qos.logback.core.joran.util.PropertySetter@1fb669c3 - Failed to get charset [log_charset_IS_UNDEFINED] java.nio.charset.UnsupportedCharsetException: log_charset_IS_UNDEFINED
ERROR in ch.qos.logback.core.joran.util.PropertySetter@49c66ade - Failed to get charset [log_charset_IS_UNDEFINED] java.nio.charset.UnsupportedCharsetException: log_charset_IS_UNDEFINED
ERROR in ch.qos.logback.core.joran.util.PropertySetter@6239aba6 - Failed to get charset [log_charset_IS_UNDEFINED] java.nio.charset.UnsupportedCharsetException: log_charset_IS_UNDEFINED
	at org.springframework.boot.logging.logback.LogbackLoggingSystem.loadConfiguration(LogbackLoggingSystem.java:169)
	at org.springframework.boot.logging.AbstractLoggingSystem.initializeWithSpecificConfig(AbstractLoggingSystem.java:66)
	at org.springframework.boot.logging.AbstractLoggingSystem.initialize(AbstractLoggingSystem.java:57)
	at org.springframework.boot.logging.logback.LogbackLoggingSystem.initialize(LogbackLoggingSystem.java:118)
	at org.springframework.boot.context.logging.LoggingApplicationListener.initializeSystem(LoggingApplicationListener.java:311)
	... 14 common frames omitted
